app/build/intermediates/manifest_merge_blame_file/debug/manifest-merger-blame-debug-report.txt
1<?xml version="1.0" encoding="utf-8"?>
2<manifest xmlns:android="http://schemas.android.com/apk/res/android"
3    package="com.example.projectwsb.projektquiz"
4    android:versionCode="1"
5    android:versionName="1.0" >
6
7    <uses-sdk
8        android:minSdkVersion="16"
8-->src\main\AndroidManifest.xml
9        android:targetSdkVersion="28" />
9-->src\main\AndroidManifest.xml
10
11    <application
11-->src\main\AndroidManifest.xml:4:5-32:19
12        android:allowBackup="true"
12-->src\main\AndroidManifest.xml:5:9-35
13        android:debuggable="true"
14        android:icon="@mipmap/ic_launcher"
14-->src\main\AndroidManifest.xml:6:9-43
15        android:label="@string/app_name"
15-->src\main\AndroidManifest.xml:7:9-41
16        android:supportsRtl="true"
16-->src\main\AndroidManifest.xml:8:9-35
17        android:testOnly="true"
18        android:theme="@style/wsb" >
18-->src\main\AndroidManifest.xml:9:9-35
19        <activity android:name="com.example.projectwsb.projektquiz.MainActivity" >
19-->src\main\AndroidManifest.xml:10:9-16:20
19-->src\main\AndroidManifest.xml:10:19-81
20            <intent-filter>
20-->src\main\AndroidManifest.xml:11:13-15:29
21                <action android:name="android.intent.action.MAIN" />
21-->src\main\AndroidManifest.xml:12:17-69
21-->src\main\AndroidManifest.xml:12:25-66
22
23                <category android:name="android.intent.category.LAUNCHER" />
23-->src\main\AndroidManifest.xml:14:17-77
23-->src\main\AndroidManifest.xml:14:27-74
24            </intent-filter>
25        </activity>
26        <activity android:name="com.example.projectwsb.projektquiz.QuestionsActivity" >
26-->src\main\AndroidManifest.xml:17:9-23:20
26-->src\main\AndroidManifest.xml:17:19-86
27            <intent-filter>
27-->src\main\AndroidManifest.xml:18:13-22:29
28                <action android:name="com.example.vikasojha.quizbee.QuestionsActivity" />
28-->src\main\AndroidManifest.xml:19:17-90
28-->src\main\AndroidManifest.xml:19:25-87
29
30                <category android:name="android.intent.category.DEFAULT" />
30-->src\main\AndroidManifest.xml:21:17-76
30-->src\main\AndroidManifest.xml:21:27-73
31            </intent-filter>
32        </activity>
33        <activity android:name="com.example.projectwsb.projektquiz.DeveloperActivity" >
33-->src\main\AndroidManifest.xml:24:9-30:20
33-->src\main\AndroidManifest.xml:24:19-86
34            <intent-filter>
34-->src\main\AndroidManifest.xml:25:13-29:29
35                <action android:name="com.example.vikasojha.quizbee.DeveloperActivity" />
35-->src\main\AndroidManifest.xml:26:17-90
35-->src\main\AndroidManifest.xml:26:25-87
36
37                <category android:name="android.intent.category.DEFAULT" />
37-->src\main\AndroidManifest.xml:21:17-76
37-->src\main\AndroidManifest.xml:21:27-73
38            </intent-filter>
39        </activity>
40        <activity android:name="com.example.projectwsb.projektquiz.ResultActivity" />
40-->src\main\AndroidManifest.xml:31:9-95
40-->src\main\AndroidManifest.xml:31:19-83
41    </application>
42
43</manifest>